<?xml version="1.0" encoding="utf-8" standalone="no"?>
<!--This file represents the results of running a test suite-->
<test-results name="C:\Users\Shahab\Documents\Visual Studio 11\Projects\RomanNumerals\RomanNumerals.nunit" total="36" errors="0" failures="0" not-run="0" inconclusive="0" ignored="0" skipped="0" invalid="0" date="2013-02-16" time="09:44:34">
  <environment nunit-version="2.6.2.12296" clr-version="2.0.50727.5466" os-version="Microsoft Windows NT 6.1.7601 Service Pack 1" platform="Win32NT" cwd="C:\Users\Shahab\Documents\Visual Studio 11\Projects\RomanNumerals\packages\NUnit.Runners.2.6.2\tools" machine-name="SHAHAB-VAIO" user="Shahab" user-domain="Shahab-VAIO" />
  <culture-info current-culture="en-GB" current-uiculture="en-US" />
  <test-suite type="Project" name="C:\Users\Shahab\Documents\Visual Studio 11\Projects\RomanNumerals\RomanNumerals.nunit" executed="True" result="Success" success="True" time="0.713" asserts="0">
    <results>
      <test-suite type="Assembly" name="C:\Users\Shahab\Documents\Visual Studio 11\Projects\RomanNumerals\bin\Debug\RomanNumerals.dll" executed="True" result="Success" success="True" time="0.683" asserts="0">
        <results>
          <test-suite type="Namespace" name="RomanNumerals" executed="True" result="Success" success="True" time="0.682" asserts="0">
            <results>
              <test-suite type="Namespace" name="Tests" executed="True" result="Success" success="True" time="0.681" asserts="0">
                <results>
                  <test-suite type="TestFixture" name="TestGeneratingRomans" executed="True" result="Success" success="True" time="0.678" asserts="0">
                    <results>
                      <test-case name="RomanNumerals.Tests.TestGeneratingRomans.CharacterisationNumberToRomanNumeralsTest" executed="True" result="Success" success="True" time="0.067" asserts="3999" />
                      <test-case name="RomanNumerals.Tests.TestGeneratingRomans.Convert1903ToRomanNumeralsMCMIII" executed="True" result="Success" success="True" time="0.001" asserts="1" />
                      <test-suite type="ParameterizedTest" name="ConvertDigitsThatHaveAPlaceValueOfHundreds" executed="True" result="Success" success="True" time="0.032" asserts="0">
                        <results>
                          <test-case name="RomanNumerals.Tests.TestGeneratingRomans.ConvertDigitsThatHaveAPlaceValueOfHundreds('7',&quot;DCC&quot;)" executed="True" result="Success" success="True" time="0.001" asserts="1" />
                          <test-case name="RomanNumerals.Tests.TestGeneratingRomans.ConvertDigitsThatHaveAPlaceValueOfHundreds('8',&quot;DCCC&quot;)" executed="True" result="Success" success="True" time="0.000" asserts="1" />
                          <test-case name="RomanNumerals.Tests.TestGeneratingRomans.ConvertDigitsThatHaveAPlaceValueOfHundreds('9',&quot;CM&quot;)" executed="True" result="Success" success="True" time="0.000" asserts="1" />
                          <test-case name="RomanNumerals.Tests.TestGeneratingRomans.ConvertDigitsThatHaveAPlaceValueOfHundreds('2',&quot;CC&quot;)" executed="True" result="Success" success="True" time="0.000" asserts="1" />
                          <test-case name="RomanNumerals.Tests.TestGeneratingRomans.ConvertDigitsThatHaveAPlaceValueOfHundreds('3',&quot;CCC&quot;)" executed="True" result="Success" success="True" time="0.000" asserts="1" />
                          <test-case name="RomanNumerals.Tests.TestGeneratingRomans.ConvertDigitsThatHaveAPlaceValueOfHundreds('4',&quot;CD&quot;)" executed="True" result="Success" success="True" time="0.000" asserts="1" />
                          <test-case name="RomanNumerals.Tests.TestGeneratingRomans.ConvertDigitsThatHaveAPlaceValueOfHundreds('5',&quot;D&quot;)" executed="True" result="Success" success="True" time="0.000" asserts="1" />
                          <test-case name="RomanNumerals.Tests.TestGeneratingRomans.ConvertDigitsThatHaveAPlaceValueOfHundreds('6',&quot;DC&quot;)" executed="True" result="Success" success="True" time="0.000" asserts="1" />
                          <test-case name="RomanNumerals.Tests.TestGeneratingRomans.ConvertDigitsThatHaveAPlaceValueOfHundreds('1',&quot;C&quot;)" executed="True" result="Success" success="True" time="0.000" asserts="1" />
                        </results>
                      </test-suite>
                      <test-suite type="ParameterizedTest" name="ConvertDigitsThatHaveAPlaceValueOfTens" executed="True" result="Success" success="True" time="0.029" asserts="0">
                        <results>
                          <test-case name="RomanNumerals.Tests.TestGeneratingRomans.ConvertDigitsThatHaveAPlaceValueOfTens('8',&quot;LXXX&quot;)" executed="True" result="Success" success="True" time="0.000" asserts="1" />
                          <test-case name="RomanNumerals.Tests.TestGeneratingRomans.ConvertDigitsThatHaveAPlaceValueOfTens('1',&quot;X&quot;)" executed="True" result="Success" success="True" time="0.000" asserts="1" />
                          <test-case name="RomanNumerals.Tests.TestGeneratingRomans.ConvertDigitsThatHaveAPlaceValueOfTens('2',&quot;XX&quot;)" executed="True" result="Success" success="True" time="0.000" asserts="1" />
                          <test-case name="RomanNumerals.Tests.TestGeneratingRomans.ConvertDigitsThatHaveAPlaceValueOfTens('9',&quot;XC&quot;)" executed="True" result="Success" success="True" time="0.000" asserts="1" />
                          <test-case name="RomanNumerals.Tests.TestGeneratingRomans.ConvertDigitsThatHaveAPlaceValueOfTens('3',&quot;XXX&quot;)" executed="True" result="Success" success="True" time="0.000" asserts="1" />
                          <test-case name="RomanNumerals.Tests.TestGeneratingRomans.ConvertDigitsThatHaveAPlaceValueOfTens('4',&quot;XL&quot;)" executed="True" result="Success" success="True" time="0.000" asserts="1" />
                          <test-case name="RomanNumerals.Tests.TestGeneratingRomans.ConvertDigitsThatHaveAPlaceValueOfTens('5',&quot;L&quot;)" executed="True" result="Success" success="True" time="0.000" asserts="1" />
                          <test-case name="RomanNumerals.Tests.TestGeneratingRomans.ConvertDigitsThatHaveAPlaceValueOfTens('6',&quot;LX&quot;)" executed="True" result="Success" success="True" time="0.000" asserts="1" />
                          <test-case name="RomanNumerals.Tests.TestGeneratingRomans.ConvertDigitsThatHaveAPlaceValueOfTens('7',&quot;LXX&quot;)" executed="True" result="Success" success="True" time="0.000" asserts="1" />
                        </results>
                      </test-suite>
                      <test-suite type="ParameterizedTest" name="ConvertDigitsThatHaveAPlaceValueOfThousands" executed="True" result="Success" success="True" time="0.008" asserts="0">
                        <results>
                          <test-case name="RomanNumerals.Tests.TestGeneratingRomans.ConvertDigitsThatHaveAPlaceValueOfThousands('2',&quot;MM&quot;)" executed="True" result="Success" success="True" time="0.001" asserts="1" />
                          <test-case name="RomanNumerals.Tests.TestGeneratingRomans.ConvertDigitsThatHaveAPlaceValueOfThousands('3',&quot;MMM&quot;)" executed="True" result="Success" success="True" time="0.000" asserts="1" />
                          <test-case name="RomanNumerals.Tests.TestGeneratingRomans.ConvertDigitsThatHaveAPlaceValueOfThousands('1',&quot;M&quot;)" executed="True" result="Success" success="True" time="0.000" asserts="1" />
                        </results>
                      </test-suite>
                      <test-suite type="ParameterizedTest" name="ConvertDigitsThatHaveAPlaceValueOfUnits" executed="True" result="Success" success="True" time="0.038" asserts="0">
                        <results>
                          <test-case name="RomanNumerals.Tests.TestGeneratingRomans.ConvertDigitsThatHaveAPlaceValueOfUnits('7',&quot;VII&quot;)" executed="True" result="Success" success="True" time="0.001" asserts="1" />
                          <test-case name="RomanNumerals.Tests.TestGeneratingRomans.ConvertDigitsThatHaveAPlaceValueOfUnits('4',&quot;IV&quot;)" executed="True" result="Success" success="True" time="0.000" asserts="1" />
                          <test-case name="RomanNumerals.Tests.TestGeneratingRomans.ConvertDigitsThatHaveAPlaceValueOfUnits('5',&quot;V&quot;)" executed="True" result="Success" success="True" time="0.000" asserts="1" />
                          <test-case name="RomanNumerals.Tests.TestGeneratingRomans.ConvertDigitsThatHaveAPlaceValueOfUnits('3',&quot;III&quot;)" executed="True" result="Success" success="True" time="0.000" asserts="1" />
                          <test-case name="RomanNumerals.Tests.TestGeneratingRomans.ConvertDigitsThatHaveAPlaceValueOfUnits('8',&quot;VIII&quot;)" executed="True" result="Success" success="True" time="0.000" asserts="1" />
                          <test-case name="RomanNumerals.Tests.TestGeneratingRomans.ConvertDigitsThatHaveAPlaceValueOfUnits('9',&quot;IX&quot;)" executed="True" result="Success" success="True" time="0.001" asserts="1" />
                          <test-case name="RomanNumerals.Tests.TestGeneratingRomans.ConvertDigitsThatHaveAPlaceValueOfUnits('6',&quot;VI&quot;)" executed="True" result="Success" success="True" time="0.000" asserts="1" />
                          <test-case name="RomanNumerals.Tests.TestGeneratingRomans.ConvertDigitsThatHaveAPlaceValueOfUnits('1',&quot;I&quot;)" executed="True" result="Success" success="True" time="0.000" asserts="1" />
                          <test-case name="RomanNumerals.Tests.TestGeneratingRomans.ConvertDigitsThatHaveAPlaceValueOfUnits('2',&quot;II&quot;)" executed="True" result="Success" success="True" time="0.000" asserts="1" />
                        </results>
                      </test-suite>
                      <test-case name="RomanNumerals.Tests.TestGeneratingRomans.ConvertNumber1903ToDigits" executed="True" result="Success" success="True" time="0.029" asserts="4" />
                      <test-case name="RomanNumerals.Tests.TestGeneratingRomans.DeterminePlaceValueForNumber1903ThatRepresentThousandsHundredsTensAndUnits" executed="True" result="Success" success="True" time="0.002" asserts="4" />
                      <test-suite type="ParameterizedTest" name="RomanNumeralGenerationShouldFailedIfNumberToConvertIsLessThanOne" executed="True" result="Success" success="True" time="0.015" asserts="0">
                        <results>
                          <test-case name="RomanNumerals.Tests.TestGeneratingRomans.RomanNumeralGenerationShouldFailedIfNumberToConvertIsLessThanOne(0)" executed="True" result="Success" success="True" time="0.008" asserts="0" />
                          <test-case name="RomanNumerals.Tests.TestGeneratingRomans.RomanNumeralGenerationShouldFailedIfNumberToConvertIsLessThanOne(-1)" executed="True" result="Success" success="True" time="0.001" asserts="0" />
                        </results>
                      </test-suite>
                    </results>
                  </test-suite>
                </results>
              </test-suite>
            </results>
          </test-suite>
        </results>
      </test-suite>
    </results>
  </test-suite>
</test-results>